{
  "stats": {
    "suites": 1,
    "tests": 3,
    "passes": 0,
    "pending": 0,
    "failures": 3,
    "start": "2026-05-28T00:06:40.025Z",
    "end": "2026-05-28T00:06:52.911Z",
    "duration": 12886,
    "testsRegistered": 3,
    "passPercent": 0,
    "pendingPercent": 0,
    "other": 0,
    "hasOther": false,
    "skipped": 0,
    "hasSkipped": false
  },
  "results": [
    {
      "uuid": "d2ffe4d0-967b-4750-8cbb-2f29a6f50072",
      "title": "",
      "fullFile": "cypress\\e2e\\todo-create-income-entry.feature",
      "file": "cypress\\e2e\\todo-create-income-entry.feature",
      "beforeHooks": [],
      "afterHooks": [],
      "tests": [],
      "suites": [
        {
          "uuid": "fa1b09d8-c51c-49bf-9547-b37b9f65f616",
          "title": "Criação de entrada financeira no Firestore",
          "fullFile": "",
          "file": "",
          "beforeHooks": [],
          "afterHooks": [],
          "tests": [
            {
              "title": "Salva uma entrada e atualiza o card de entradas",
              "fullTitle": "Criação de entrada financeira no Firestore Salva uma entrada e atualiza o card de entradas",
              "timedOut": null,
              "duration": 2256,
              "state": "failed",
              "speed": null,
              "pass": false,
              "fail": true,
              "pending": false,
              "context": null,
              "code": "var _a2, _b2, _c2, _d, _e;\n(0, assertions_1.assert)(context.includedPickles[0].id === pickle.id, \"Included pickle stack is unsynchronized\");\nconst { remainingSteps, testCaseStartedId } = retrieveInternalSpecProperties();\ntaskTestCaseStarted(context, {\n  id: testCaseStartedId,\n  testCaseId,\n  attempt: attempt++,\n  timestamp: (0, messages_1.createTimestamp)()\n});\nwindow.testState = {\n  gherkinDocument,\n  pickles,\n  pickle\n};\nconst onAfterStep = (options) => {\n  var _a3, _b3, _c3;\n  const { testStepId, testStepResult } = options;\n  const end = (0, messages_1.createTimestamp)();\n  if (testStepResult.status === messages.TestStepResultStatus.PENDING || testStepResult.status === messages.TestStepResultStatus.SKIPPED) {\n    taskTestStepFinished(context, {\n      testStepId,\n      testCaseStartedId,\n      testStepResult,\n      timestamp: end\n    });\n    remainingSteps.shift();\n    for (const skippedStep of remainingSteps) {\n      const hookIdOrPickleStepId = (0, assertions_1.ensure)((_b3 = (_a3 = skippedStep.hook) === null || _a3 === void 0 ? void 0 : _a3.id) !== null && _b3 !== void 0 ? _b3 : (_c3 = skippedStep.pickleStep) === null || _c3 === void 0 ? void 0 : _c3.id, \"Expected a step to either be a hook or a pickleStep\");\n      const testStepId2 = getTestStepId({\n        context,\n        pickleId: pickle.id,\n        hookIdOrPickleStepId\n      });\n      taskTestStepStarted(context, {\n        testStepId: testStepId2,\n        testCaseStartedId,\n        timestamp: (0, messages_1.createTimestamp)()\n      });\n      taskTestStepFinished(context, {\n        testStepId: testStepId2,\n        testCaseStartedId,\n        testStepResult: {\n          status: messages.TestStepResultStatus.SKIPPED,\n          duration: {\n            seconds: 0,\n            nanos: 0\n          }\n        },\n        timestamp: (0, messages_1.createTimestamp)()\n      });\n    }\n    for (let i = 0, count = remainingSteps.length; i < count; i++) {\n      remainingSteps.pop();\n    }\n    cy.then(() => this.skip());\n  } else {\n    taskTestStepFinished(context, {\n      testStepId,\n      testCaseStartedId,\n      testStepResult,\n      timestamp: (0, messages_1.createTimestamp)()\n    });\n    remainingSteps.shift();\n  }\n};\nfor (const step of steps) {\n  if (step.hook) {\n    const hook = step.hook;\n    const testStepId = getTestStepId({\n      context,\n      pickleId: pickle.id,\n      hookIdOrPickleStepId: hook.id\n    });\n    cy.then(() => {\n      delete window.testState.pickleStep;\n      const start = (0, messages_1.createTimestamp)();\n      internalProperties.currentStepStartedAt = start;\n      taskTestStepStarted(context, {\n        testStepId,\n        testCaseStartedId,\n        timestamp: start\n      });\n      return cy.wrap(start, { log: false });\n    }).then((start) => {\n      const options = {\n        pickle,\n        gherkinDocument,\n        testCaseStartedId\n      };\n      return (0, cypress_1.runStepWithLogGroup)({\n        fn: dryRun ? noopFn : () => registry2.runCaseHook(this, hook, options),\n        keyword: hook.keyword,\n        text: createStepDescription(hook)\n      }).then(convertReturnValueToTestStepResultStatus).then((status) => {\n        return { start, status };\n      });\n    }).then(({ start, status }) => onAfterStep({\n      testStepResult: {\n        status,\n        duration: (0, messages_1.duration)(start, (0, messages_1.createTimestamp)())\n      },\n      testStepId\n    }));\n  } else if (step.pickleStep) {\n    const pickleStep = step.pickleStep;\n    const testStepId = getTestStepId({\n      context,\n      pickleId: pickle.id,\n      hookIdOrPickleStepId: pickleStep.id\n    });\n    const text = (0, assertions_1.ensure)(pickleStep.text, \"Expected pickle step to have a text\");\n    const scenarioStep = (0, assertions_1.ensure)(context.astIdsMap.get((0, assertions_1.ensure)((_a2 = pickleStep.astNodeIds) === null || _a2 === void 0 ? void 0 : _a2[0], \"Expected to find at least one astNodeId\")), `Expected to find scenario step associated with id = ${(_b2 = pickleStep.astNodeIds) === null || _b2 === void 0 ? void 0 : _b2[0]}`);\n    const argument = ((_c2 = pickleStep.argument) === null || _c2 === void 0 ? void 0 : _c2.dataTable) ? new data_table_1.default(pickleStep.argument.dataTable) : ((_e = (_d = pickleStep.argument) === null || _d === void 0 ? void 0 : _d.docString) === null || _e === void 0 ? void 0 : _e.content) ? pickleStep.argument.docString.content : void 0;\n    cy.then(() => {\n      window.testState.pickleStep = step.pickleStep;\n      const start = (0, messages_1.createTimestamp)();\n      internalProperties.currentStep = { pickleStep };\n      internalProperties.currentStepStartedAt = start;\n      taskTestStepStarted(context, {\n        testStepId,\n        testCaseStartedId,\n        timestamp: start\n      });\n      return cy.wrap(start, { log: false });\n    }).then((start) => {\n      const beforeStepHooks = registry2.resolveBeforeStepHooks(tags);\n      const afterStepHooks = registry2.resolveAfterStepHooks(tags);\n      const options = {\n        pickle,\n        pickleStep,\n        gherkinDocument,\n        testCaseStartedId,\n        testStepId\n      };\n      const beforeHooksChain = () => beforeStepHooks.reduce((chain, beforeStepHook) => {\n        return chain.then((results) => {\n          const start2 = (0, messages_1.createTimestamp)();\n          return (0, cypress_1.runStepWithLogGroup)({\n            keyword: \"BeforeStep\",\n            text: createStepDescription(beforeStepHook),\n            fn: dryRun ? noopFn : () => registry2.runStepHook(this, beforeStepHook, options)\n          }).then(convertReturnValueToTestStepResultStatus).then((status) => results.concat({\n            status,\n            duration: (0, messages_1.duration)(start2, (0, messages_1.createTimestamp)())\n          }));\n        });\n      }, cy.wrap([], { log: false }));\n      const afterStepHooksChain = () => afterStepHooks.reduce((chain, afterStepHook) => {\n        return chain.then((results) => {\n          const start2 = (0, messages_1.createTimestamp)();\n          return (0, cypress_1.runStepWithLogGroup)({\n            keyword: \"AfterStep\",\n            text: createStepDescription(afterStepHook),\n            fn: dryRun ? noopFn : () => registry2.runStepHook(this, afterStepHook, options)\n          }).then(convertReturnValueToTestStepResultStatus).then((status) => results.concat({\n            status,\n            duration: (0, messages_1.duration)(start2, (0, messages_1.createTimestamp)())\n          }));\n        });\n      }, cy.wrap([], {\n        log: false\n      }));\n      return beforeHooksChain().then((beforeStepHookResults) => {\n        return (0, cypress_1.runStepWithLogGroup)({\n          keyword: (0, assertions_1.ensure)(\"keyword\" in scenarioStep && scenarioStep.keyword, \"Expected to find a keyword in the scenario step\"),\n          argument,\n          text,\n          fn: () => {\n            var _a3, _b3;\n            try {\n              return registry2.runStepDefinition(this, text, dryRun, argument);\n            } catch (e) {\n              if (e instanceof registry_1.MissingDefinitionError || e instanceof registry_1.MultipleDefinitionsError) {\n                this.test._retries = this.test._currentRetry;\n              }\n              if (e instanceof registry_1.MissingDefinitionError) {\n                let parameterType = null;\n                if ((_a3 = pickleStep.argument) === null || _a3 === void 0 ? void 0 : _a3.dataTable) {\n                  parameterType = \"dataTable\";\n                } else if ((_b3 = pickleStep.argument) === null || _b3 === void 0 ? void 0 : _b3.docString) {\n                  parameterType = \"docString\";\n                }\n                const snippets = new cucumber_expressions_1.CucumberExpressionGenerator(() => context.registry.parameterTypeRegistry.parameterTypes).generateExpressions(pickleStep.text).map((expression) => (0, snippets_1.generateSnippet)(expression, (0, assertions_1.ensure)(pickleStep.type, \"Expected pickleStep to have a type\"), parameterType));\n                return taskSuggestion(context, {\n                  id: context.newId(),\n                  pickleStepId: pickleStep.id,\n                  snippets: snippets.map((code) => {\n                    return {\n                      language: \"javascript\",\n                      code\n                    };\n                  })\n                }).then(() => {\n                  throw new Error(createMissingStepDefinitionMessage(context, pickleStep, snippets));\n                });\n              } else {\n                throw e;\n              }\n            }\n          }\n        }).then(convertReturnValueToTestStepResultStatus).then((status) => {\n          const testStepResult = {\n            status,\n            duration: (0, messages_1.duration)(start, (0, messages_1.createTimestamp)())\n          };\n          return {\n            beforeStepHookResults,\n            testStepResult\n          };\n        });\n      }).then(({ beforeStepHookResults, testStepResult }) => {\n        return afterStepHooksChain().then((afterStepHookResults) => {\n          return messages.getWorstTestStepResult([\n            ...beforeStepHookResults,\n            testStepResult,\n            ...afterStepHookResults\n          ]);\n        });\n      });\n    }).then((testStepResult) => onAfterStep({ testStepResult, testStepId }));\n  }\n}",
              "err": {
                "message": "Error: \nStep implementation missing for \"o saldo no header foi atualizado\".\n\nWe tried searching for files containing step definitions using the following search pattern templates:\n\n  - cypress/support/step_definitions/**/*.ts\n\nThese templates resolved to the following search patterns:\n\n  - cypress/support/step_definitions/**/*.ts\n\nThese patterns matched the following files:\n\n  - cypress\\support\\step_definitions\\todo-stubs.ts\n  - cypress\\support\\step_definitions\\todo-income-entry.ts\n  - cypress\\support\\step_definitions\\todo-expense.ts\n  - cypress\\support\\step_definitions\\receipt-upload-panel.ts\n  - cypress\\support\\step_definitions\\manual-expense-form.ts\n  - cypress\\support\\step_definitions\\income-entry-form.ts\n  - cypress\\support\\step_definitions\\common.ts\n  - cypress\\support\\step_definitions\\api.ts\n\nHowever, none of these files contained a step definition matching \"o saldo no header foi atualizado\".\n\nYou can implement it using the suggestion(s) below.\n\n  Then(\"o saldo no header foi atualizado\", function () {\n    return \"pending\";\n  });\n  ",
                "estack": "Error: \nStep implementation missing for \"o saldo no header foi atualizado\".\n\nWe tried searching for files containing step definitions using the following search pattern templates:\n\n  - cypress/support/step_definitions/**/*.ts\n\nThese templates resolved to the following search patterns:\n\n  - cypress/support/step_definitions/**/*.ts\n\nThese patterns matched the following files:\n\n  - cypress\\support\\step_definitions\\todo-stubs.ts\n  - cypress\\support\\step_definitions\\todo-income-entry.ts\n  - cypress\\support\\step_definitions\\todo-expense.ts\n  - cypress\\support\\step_definitions\\receipt-upload-panel.ts\n  - cypress\\support\\step_definitions\\manual-expense-form.ts\n  - cypress\\support\\step_definitions\\income-entry-form.ts\n  - cypress\\support\\step_definitions\\common.ts\n  - cypress\\support\\step_definitions\\api.ts\n\nHowever, none of these files contained a step definition matching \"o saldo no header foi atualizado\".\n\nYou can implement it using the suggestion(s) below.\n\n  Then(\"o saldo no header foi atualizado\", function () {\n    return \"pending\";\n  });\n  \n    at Context.eval (http://localhost:3000/__cypress/tests?p=cypress\\e2e\\todo-create-income-entry.feature:16047:35)\n    at getRet (http://localhost:3000/__cypress/runner/cypress_runner.js:122946:20)\n    at tryCatcher (http://localhost:3000/__cypress/runner/cypress_runner.js:1777:23)\n    at Promise.attempt.Promise.try (http://localhost:3000/__cypress/runner/cypress_runner.js:4285:29)\n    at Context.thenFn (http://localhost:3000/__cypress/runner/cypress_runner.js:122957:66)\n    at Context.then (http://localhost:3000/__cypress/runner/cypress_runner.js:123208:21)\n    at wrapped (http://localhost:3000/__cypress/runner/cypress_runner.js:146489:19)\n    at <unknown> (http://localhost:3000/__cypress/runner/cypress_runner.js:152520:15)\n    at tryCatcher (http://localhost:3000/__cypress/runner/cypress_runner.js:1777:23)",
                "diff": null
              },
              "uuid": "acd83af4-6092-4216-8e2d-b46298245a27",
              "parentUUID": "fa1b09d8-c51c-49bf-9547-b37b9f65f616",
              "isHook": false,
              "skipped": false
            },
            {
              "title": "Exibe confirmacao e reseta o formulario apos salvar",
              "fullTitle": "Criação de entrada financeira no Firestore Exibe confirmacao e reseta o formulario apos salvar",
              "timedOut": null,
              "duration": 5276,
              "state": "failed",
              "speed": null,
              "pass": false,
              "fail": true,
              "pending": false,
              "context": null,
              "code": "var _a2, _b2, _c2, _d, _e;\n(0, assertions_1.assert)(context.includedPickles[0].id === pickle.id, \"Included pickle stack is unsynchronized\");\nconst { remainingSteps, testCaseStartedId } = retrieveInternalSpecProperties();\ntaskTestCaseStarted(context, {\n  id: testCaseStartedId,\n  testCaseId,\n  attempt: attempt++,\n  timestamp: (0, messages_1.createTimestamp)()\n});\nwindow.testState = {\n  gherkinDocument,\n  pickles,\n  pickle\n};\nconst onAfterStep = (options) => {\n  var _a3, _b3, _c3;\n  const { testStepId, testStepResult } = options;\n  const end = (0, messages_1.createTimestamp)();\n  if (testStepResult.status === messages.TestStepResultStatus.PENDING || testStepResult.status === messages.TestStepResultStatus.SKIPPED) {\n    taskTestStepFinished(context, {\n      testStepId,\n      testCaseStartedId,\n      testStepResult,\n      timestamp: end\n    });\n    remainingSteps.shift();\n    for (const skippedStep of remainingSteps) {\n      const hookIdOrPickleStepId = (0, assertions_1.ensure)((_b3 = (_a3 = skippedStep.hook) === null || _a3 === void 0 ? void 0 : _a3.id) !== null && _b3 !== void 0 ? _b3 : (_c3 = skippedStep.pickleStep) === null || _c3 === void 0 ? void 0 : _c3.id, \"Expected a step to either be a hook or a pickleStep\");\n      const testStepId2 = getTestStepId({\n        context,\n        pickleId: pickle.id,\n        hookIdOrPickleStepId\n      });\n      taskTestStepStarted(context, {\n        testStepId: testStepId2,\n        testCaseStartedId,\n        timestamp: (0, messages_1.createTimestamp)()\n      });\n      taskTestStepFinished(context, {\n        testStepId: testStepId2,\n        testCaseStartedId,\n        testStepResult: {\n          status: messages.TestStepResultStatus.SKIPPED,\n          duration: {\n            seconds: 0,\n            nanos: 0\n          }\n        },\n        timestamp: (0, messages_1.createTimestamp)()\n      });\n    }\n    for (let i = 0, count = remainingSteps.length; i < count; i++) {\n      remainingSteps.pop();\n    }\n    cy.then(() => this.skip());\n  } else {\n    taskTestStepFinished(context, {\n      testStepId,\n      testCaseStartedId,\n      testStepResult,\n      timestamp: (0, messages_1.createTimestamp)()\n    });\n    remainingSteps.shift();\n  }\n};\nfor (const step of steps) {\n  if (step.hook) {\n    const hook = step.hook;\n    const testStepId = getTestStepId({\n      context,\n      pickleId: pickle.id,\n      hookIdOrPickleStepId: hook.id\n    });\n    cy.then(() => {\n      delete window.testState.pickleStep;\n      const start = (0, messages_1.createTimestamp)();\n      internalProperties.currentStepStartedAt = start;\n      taskTestStepStarted(context, {\n        testStepId,\n        testCaseStartedId,\n        timestamp: start\n      });\n      return cy.wrap(start, { log: false });\n    }).then((start) => {\n      const options = {\n        pickle,\n        gherkinDocument,\n        testCaseStartedId\n      };\n      return (0, cypress_1.runStepWithLogGroup)({\n        fn: dryRun ? noopFn : () => registry2.runCaseHook(this, hook, options),\n        keyword: hook.keyword,\n        text: createStepDescription(hook)\n      }).then(convertReturnValueToTestStepResultStatus).then((status) => {\n        return { start, status };\n      });\n    }).then(({ start, status }) => onAfterStep({\n      testStepResult: {\n        status,\n        duration: (0, messages_1.duration)(start, (0, messages_1.createTimestamp)())\n      },\n      testStepId\n    }));\n  } else if (step.pickleStep) {\n    const pickleStep = step.pickleStep;\n    const testStepId = getTestStepId({\n      context,\n      pickleId: pickle.id,\n      hookIdOrPickleStepId: pickleStep.id\n    });\n    const text = (0, assertions_1.ensure)(pickleStep.text, \"Expected pickle step to have a text\");\n    const scenarioStep = (0, assertions_1.ensure)(context.astIdsMap.get((0, assertions_1.ensure)((_a2 = pickleStep.astNodeIds) === null || _a2 === void 0 ? void 0 : _a2[0], \"Expected to find at least one astNodeId\")), `Expected to find scenario step associated with id = ${(_b2 = pickleStep.astNodeIds) === null || _b2 === void 0 ? void 0 : _b2[0]}`);\n    const argument = ((_c2 = pickleStep.argument) === null || _c2 === void 0 ? void 0 : _c2.dataTable) ? new data_table_1.default(pickleStep.argument.dataTable) : ((_e = (_d = pickleStep.argument) === null || _d === void 0 ? void 0 : _d.docString) === null || _e === void 0 ? void 0 : _e.content) ? pickleStep.argument.docString.content : void 0;\n    cy.then(() => {\n      window.testState.pickleStep = step.pickleStep;\n      const start = (0, messages_1.createTimestamp)();\n      internalProperties.currentStep = { pickleStep };\n      internalProperties.currentStepStartedAt = start;\n      taskTestStepStarted(context, {\n        testStepId,\n        testCaseStartedId,\n        timestamp: start\n      });\n      return cy.wrap(start, { log: false });\n    }).then((start) => {\n      const beforeStepHooks = registry2.resolveBeforeStepHooks(tags);\n      const afterStepHooks = registry2.resolveAfterStepHooks(tags);\n      const options = {\n        pickle,\n        pickleStep,\n        gherkinDocument,\n        testCaseStartedId,\n        testStepId\n      };\n      const beforeHooksChain = () => beforeStepHooks.reduce((chain, beforeStepHook) => {\n        return chain.then((results) => {\n          const start2 = (0, messages_1.createTimestamp)();\n          return (0, cypress_1.runStepWithLogGroup)({\n            keyword: \"BeforeStep\",\n            text: createStepDescription(beforeStepHook),\n            fn: dryRun ? noopFn : () => registry2.runStepHook(this, beforeStepHook, options)\n          }).then(convertReturnValueToTestStepResultStatus).then((status) => results.concat({\n            status,\n            duration: (0, messages_1.duration)(start2, (0, messages_1.createTimestamp)())\n          }));\n        });\n      }, cy.wrap([], { log: false }));\n      const afterStepHooksChain = () => afterStepHooks.reduce((chain, afterStepHook) => {\n        return chain.then((results) => {\n          const start2 = (0, messages_1.createTimestamp)();\n          return (0, cypress_1.runStepWithLogGroup)({\n            keyword: \"AfterStep\",\n            text: createStepDescription(afterStepHook),\n            fn: dryRun ? noopFn : () => registry2.runStepHook(this, afterStepHook, options)\n          }).then(convertReturnValueToTestStepResultStatus).then((status) => results.concat({\n            status,\n            duration: (0, messages_1.duration)(start2, (0, messages_1.createTimestamp)())\n          }));\n        });\n      }, cy.wrap([], {\n        log: false\n      }));\n      return beforeHooksChain().then((beforeStepHookResults) => {\n        return (0, cypress_1.runStepWithLogGroup)({\n          keyword: (0, assertions_1.ensure)(\"keyword\" in scenarioStep && scenarioStep.keyword, \"Expected to find a keyword in the scenario step\"),\n          argument,\n          text,\n          fn: () => {\n            var _a3, _b3;\n            try {\n              return registry2.runStepDefinition(this, text, dryRun, argument);\n            } catch (e) {\n              if (e instanceof registry_1.MissingDefinitionError || e instanceof registry_1.MultipleDefinitionsError) {\n                this.test._retries = this.test._currentRetry;\n              }\n              if (e instanceof registry_1.MissingDefinitionError) {\n                let parameterType = null;\n                if ((_a3 = pickleStep.argument) === null || _a3 === void 0 ? void 0 : _a3.dataTable) {\n                  parameterType = \"dataTable\";\n                } else if ((_b3 = pickleStep.argument) === null || _b3 === void 0 ? void 0 : _b3.docString) {\n                  parameterType = \"docString\";\n                }\n                const snippets = new cucumber_expressions_1.CucumberExpressionGenerator(() => context.registry.parameterTypeRegistry.parameterTypes).generateExpressions(pickleStep.text).map((expression) => (0, snippets_1.generateSnippet)(expression, (0, assertions_1.ensure)(pickleStep.type, \"Expected pickleStep to have a type\"), parameterType));\n                return taskSuggestion(context, {\n                  id: context.newId(),\n                  pickleStepId: pickleStep.id,\n                  snippets: snippets.map((code) => {\n                    return {\n                      language: \"javascript\",\n                      code\n                    };\n                  })\n                }).then(() => {\n                  throw new Error(createMissingStepDefinitionMessage(context, pickleStep, snippets));\n                });\n              } else {\n                throw e;\n              }\n            }\n          }\n        }).then(convertReturnValueToTestStepResultStatus).then((status) => {\n          const testStepResult = {\n            status,\n            duration: (0, messages_1.duration)(start, (0, messages_1.createTimestamp)())\n          };\n          return {\n            beforeStepHookResults,\n            testStepResult\n          };\n        });\n      }).then(({ beforeStepHookResults, testStepResult }) => {\n        return afterStepHooksChain().then((afterStepHookResults) => {\n          return messages.getWorstTestStepResult([\n            ...beforeStepHookResults,\n            testStepResult,\n            ...afterStepHookResults\n          ]);\n        });\n      });\n    }).then((testStepResult) => onAfterStep({ testStepResult, testStepId }));\n  }\n}",
              "err": {
                "message": "AssertionError: Timed out retrying after 4000ms: Expected to find content: 'Entrada cadastrada com sucesso.' but never did.",
                "estack": "AssertionError: Timed out retrying after 4000ms: Expected to find content: 'Entrada cadastrada com sucesso.' but never did.\n    at Context.eval (http://localhost:3000/__cypress/tests?p=cypress\\e2e\\todo-create-income-entry.feature:16861:30)\n    at Registry.runStepDefinition (http://localhost:3000/__cypress/tests?p=cypress\\e2e\\todo-create-income-entry.feature:9480:48)\n    at Object.fn (http://localhost:3000/__cypress/tests?p=cypress\\e2e\\todo-create-income-entry.feature:16024:42)\n    at runStepWithLogGroup (http://localhost:3000/__cypress/tests?p=cypress\\e2e\\todo-create-income-entry.feature:14968:29)\n    at Context.eval (http://localhost:3000/__cypress/tests?p=cypress\\e2e\\todo-create-income-entry.feature:16017:60)\n    at getRet (http://localhost:3000/__cypress/runner/cypress_runner.js:122946:20)\n    at tryCatcher (http://localhost:3000/__cypress/runner/cypress_runner.js:1777:23)\n    at Promise.attempt.Promise.try (http://localhost:3000/__cypress/runner/cypress_runner.js:4285:29)\n    at Context.thenFn (http://localhost:3000/__cypress/runner/cypress_runner.js:122957:66)",
                "diff": null
              },
              "uuid": "db977f7e-bd00-49d9-969a-2b2f0aa2aeb8",
              "parentUUID": "fa1b09d8-c51c-49bf-9547-b37b9f65f616",
              "isHook": false,
              "skipped": false
            },
            {
              "title": "Entradas persistidas aparecem apos recarregar a pagina",
              "fullTitle": "Criação de entrada financeira no Firestore Entradas persistidas aparecem apos recarregar a pagina",
              "timedOut": null,
              "duration": 5212,
              "state": "failed",
              "speed": null,
              "pass": false,
              "fail": true,
              "pending": false,
              "context": null,
              "code": "var _a2, _b2, _c2, _d, _e;\n(0, assertions_1.assert)(context.includedPickles[0].id === pickle.id, \"Included pickle stack is unsynchronized\");\nconst { remainingSteps, testCaseStartedId } = retrieveInternalSpecProperties();\ntaskTestCaseStarted(context, {\n  id: testCaseStartedId,\n  testCaseId,\n  attempt: attempt++,\n  timestamp: (0, messages_1.createTimestamp)()\n});\nwindow.testState = {\n  gherkinDocument,\n  pickles,\n  pickle\n};\nconst onAfterStep = (options) => {\n  var _a3, _b3, _c3;\n  const { testStepId, testStepResult } = options;\n  const end = (0, messages_1.createTimestamp)();\n  if (testStepResult.status === messages.TestStepResultStatus.PENDING || testStepResult.status === messages.TestStepResultStatus.SKIPPED) {\n    taskTestStepFinished(context, {\n      testStepId,\n      testCaseStartedId,\n      testStepResult,\n      timestamp: end\n    });\n    remainingSteps.shift();\n    for (const skippedStep of remainingSteps) {\n      const hookIdOrPickleStepId = (0, assertions_1.ensure)((_b3 = (_a3 = skippedStep.hook) === null || _a3 === void 0 ? void 0 : _a3.id) !== null && _b3 !== void 0 ? _b3 : (_c3 = skippedStep.pickleStep) === null || _c3 === void 0 ? void 0 : _c3.id, \"Expected a step to either be a hook or a pickleStep\");\n      const testStepId2 = getTestStepId({\n        context,\n        pickleId: pickle.id,\n        hookIdOrPickleStepId\n      });\n      taskTestStepStarted(context, {\n        testStepId: testStepId2,\n        testCaseStartedId,\n        timestamp: (0, messages_1.createTimestamp)()\n      });\n      taskTestStepFinished(context, {\n        testStepId: testStepId2,\n        testCaseStartedId,\n        testStepResult: {\n          status: messages.TestStepResultStatus.SKIPPED,\n          duration: {\n            seconds: 0,\n            nanos: 0\n          }\n        },\n        timestamp: (0, messages_1.createTimestamp)()\n      });\n    }\n    for (let i = 0, count = remainingSteps.length; i < count; i++) {\n      remainingSteps.pop();\n    }\n    cy.then(() => this.skip());\n  } else {\n    taskTestStepFinished(context, {\n      testStepId,\n      testCaseStartedId,\n      testStepResult,\n      timestamp: (0, messages_1.createTimestamp)()\n    });\n    remainingSteps.shift();\n  }\n};\nfor (const step of steps) {\n  if (step.hook) {\n    const hook = step.hook;\n    const testStepId = getTestStepId({\n      context,\n      pickleId: pickle.id,\n      hookIdOrPickleStepId: hook.id\n    });\n    cy.then(() => {\n      delete window.testState.pickleStep;\n      const start = (0, messages_1.createTimestamp)();\n      internalProperties.currentStepStartedAt = start;\n      taskTestStepStarted(context, {\n        testStepId,\n        testCaseStartedId,\n        timestamp: start\n      });\n      return cy.wrap(start, { log: false });\n    }).then((start) => {\n      const options = {\n        pickle,\n        gherkinDocument,\n        testCaseStartedId\n      };\n      return (0, cypress_1.runStepWithLogGroup)({\n        fn: dryRun ? noopFn : () => registry2.runCaseHook(this, hook, options),\n        keyword: hook.keyword,\n        text: createStepDescription(hook)\n      }).then(convertReturnValueToTestStepResultStatus).then((status) => {\n        return { start, status };\n      });\n    }).then(({ start, status }) => onAfterStep({\n      testStepResult: {\n        status,\n        duration: (0, messages_1.duration)(start, (0, messages_1.createTimestamp)())\n      },\n      testStepId\n    }));\n  } else if (step.pickleStep) {\n    const pickleStep = step.pickleStep;\n    const testStepId = getTestStepId({\n      context,\n      pickleId: pickle.id,\n      hookIdOrPickleStepId: pickleStep.id\n    });\n    const text = (0, assertions_1.ensure)(pickleStep.text, \"Expected pickle step to have a text\");\n    const scenarioStep = (0, assertions_1.ensure)(context.astIdsMap.get((0, assertions_1.ensure)((_a2 = pickleStep.astNodeIds) === null || _a2 === void 0 ? void 0 : _a2[0], \"Expected to find at least one astNodeId\")), `Expected to find scenario step associated with id = ${(_b2 = pickleStep.astNodeIds) === null || _b2 === void 0 ? void 0 : _b2[0]}`);\n    const argument = ((_c2 = pickleStep.argument) === null || _c2 === void 0 ? void 0 : _c2.dataTable) ? new data_table_1.default(pickleStep.argument.dataTable) : ((_e = (_d = pickleStep.argument) === null || _d === void 0 ? void 0 : _d.docString) === null || _e === void 0 ? void 0 : _e.content) ? pickleStep.argument.docString.content : void 0;\n    cy.then(() => {\n      window.testState.pickleStep = step.pickleStep;\n      const start = (0, messages_1.createTimestamp)();\n      internalProperties.currentStep = { pickleStep };\n      internalProperties.currentStepStartedAt = start;\n      taskTestStepStarted(context, {\n        testStepId,\n        testCaseStartedId,\n        timestamp: start\n      });\n      return cy.wrap(start, { log: false });\n    }).then((start) => {\n      const beforeStepHooks = registry2.resolveBeforeStepHooks(tags);\n      const afterStepHooks = registry2.resolveAfterStepHooks(tags);\n      const options = {\n        pickle,\n        pickleStep,\n        gherkinDocument,\n        testCaseStartedId,\n        testStepId\n      };\n      const beforeHooksChain = () => beforeStepHooks.reduce((chain, beforeStepHook) => {\n        return chain.then((results) => {\n          const start2 = (0, messages_1.createTimestamp)();\n          return (0, cypress_1.runStepWithLogGroup)({\n            keyword: \"BeforeStep\",\n            text: createStepDescription(beforeStepHook),\n            fn: dryRun ? noopFn : () => registry2.runStepHook(this, beforeStepHook, options)\n          }).then(convertReturnValueToTestStepResultStatus).then((status) => results.concat({\n            status,\n            duration: (0, messages_1.duration)(start2, (0, messages_1.createTimestamp)())\n          }));\n        });\n      }, cy.wrap([], { log: false }));\n      const afterStepHooksChain = () => afterStepHooks.reduce((chain, afterStepHook) => {\n        return chain.then((results) => {\n          const start2 = (0, messages_1.createTimestamp)();\n          return (0, cypress_1.runStepWithLogGroup)({\n            keyword: \"AfterStep\",\n            text: createStepDescription(afterStepHook),\n            fn: dryRun ? noopFn : () => registry2.runStepHook(this, afterStepHook, options)\n          }).then(convertReturnValueToTestStepResultStatus).then((status) => results.concat({\n            status,\n            duration: (0, messages_1.duration)(start2, (0, messages_1.createTimestamp)())\n          }));\n        });\n      }, cy.wrap([], {\n        log: false\n      }));\n      return beforeHooksChain().then((beforeStepHookResults) => {\n        return (0, cypress_1.runStepWithLogGroup)({\n          keyword: (0, assertions_1.ensure)(\"keyword\" in scenarioStep && scenarioStep.keyword, \"Expected to find a keyword in the scenario step\"),\n          argument,\n          text,\n          fn: () => {\n            var _a3, _b3;\n            try {\n              return registry2.runStepDefinition(this, text, dryRun, argument);\n            } catch (e) {\n              if (e instanceof registry_1.MissingDefinitionError || e instanceof registry_1.MultipleDefinitionsError) {\n                this.test._retries = this.test._currentRetry;\n              }\n              if (e instanceof registry_1.MissingDefinitionError) {\n                let parameterType = null;\n                if ((_a3 = pickleStep.argument) === null || _a3 === void 0 ? void 0 : _a3.dataTable) {\n                  parameterType = \"dataTable\";\n                } else if ((_b3 = pickleStep.argument) === null || _b3 === void 0 ? void 0 : _b3.docString) {\n                  parameterType = \"docString\";\n                }\n                const snippets = new cucumber_expressions_1.CucumberExpressionGenerator(() => context.registry.parameterTypeRegistry.parameterTypes).generateExpressions(pickleStep.text).map((expression) => (0, snippets_1.generateSnippet)(expression, (0, assertions_1.ensure)(pickleStep.type, \"Expected pickleStep to have a type\"), parameterType));\n                return taskSuggestion(context, {\n                  id: context.newId(),\n                  pickleStepId: pickleStep.id,\n                  snippets: snippets.map((code) => {\n                    return {\n                      language: \"javascript\",\n                      code\n                    };\n                  })\n                }).then(() => {\n                  throw new Error(createMissingStepDefinitionMessage(context, pickleStep, snippets));\n                });\n              } else {\n                throw e;\n              }\n            }\n          }\n        }).then(convertReturnValueToTestStepResultStatus).then((status) => {\n          const testStepResult = {\n            status,\n            duration: (0, messages_1.duration)(start, (0, messages_1.createTimestamp)())\n          };\n          return {\n            beforeStepHookResults,\n            testStepResult\n          };\n        });\n      }).then(({ beforeStepHookResults, testStepResult }) => {\n        return afterStepHooksChain().then((afterStepHookResults) => {\n          return messages.getWorstTestStepResult([\n            ...beforeStepHookResults,\n            testStepResult,\n            ...afterStepHookResults\n          ]);\n        });\n      });\n    }).then((testStepResult) => onAfterStep({ testStepResult, testStepId }));\n  }\n}",
              "err": {
                "message": "AssertionError: Timed out retrying after 4000ms: Expected to find content: 'Bônus' but never did.",
                "estack": "AssertionError: Timed out retrying after 4000ms: Expected to find content: 'Bônus' but never did.\n    at Context.eval (http://localhost:3000/__cypress/tests?p=cypress\\e2e\\todo-create-income-entry.feature:16868:28)\n    at Registry.runStepDefinition (http://localhost:3000/__cypress/tests?p=cypress\\e2e\\todo-create-income-entry.feature:9480:48)\n    at Object.fn (http://localhost:3000/__cypress/tests?p=cypress\\e2e\\todo-create-income-entry.feature:16024:42)\n    at runStepWithLogGroup (http://localhost:3000/__cypress/tests?p=cypress\\e2e\\todo-create-income-entry.feature:14968:29)\n    at Context.eval (http://localhost:3000/__cypress/tests?p=cypress\\e2e\\todo-create-income-entry.feature:16017:60)\n    at getRet (http://localhost:3000/__cypress/runner/cypress_runner.js:122946:20)\n    at tryCatcher (http://localhost:3000/__cypress/runner/cypress_runner.js:1777:23)\n    at Promise.attempt.Promise.try (http://localhost:3000/__cypress/runner/cypress_runner.js:4285:29)\n    at Context.thenFn (http://localhost:3000/__cypress/runner/cypress_runner.js:122957:66)",
                "diff": null
              },
              "uuid": "3a73383d-dbaa-4320-9740-bf576f8d899e",
              "parentUUID": "fa1b09d8-c51c-49bf-9547-b37b9f65f616",
              "isHook": false,
              "skipped": false
            }
          ],
          "suites": [],
          "passes": [],
          "failures": [
            "acd83af4-6092-4216-8e2d-b46298245a27",
            "db977f7e-bd00-49d9-969a-2b2f0aa2aeb8",
            "3a73383d-dbaa-4320-9740-bf576f8d899e"
          ],
          "pending": [],
          "skipped": [],
          "duration": 12744,
          "root": false,
          "rootEmpty": false,
          "_timeout": 2000
        }
      ],
      "passes": [],
      "failures": [],
      "pending": [],
      "skipped": [],
      "duration": 0,
      "root": true,
      "rootEmpty": true,
      "_timeout": 2000
    }
  ],
  "meta": {
    "mocha": {
      "version": "7.2.0"
    },
    "mochawesome": {
      "options": {
        "quiet": false,
        "reportFilename": "mochawesome",
        "saveHtml": true,
        "saveJson": true,
        "consoleReporter": "spec",
        "useInlineDiffs": false,
        "code": true
      },
      "version": "7.1.4"
    },
    "marge": {
      "options": null,
      "version": "6.3.2"
    }
  }
}